<?xml version="1.0" encoding="UTF-8"?>
<!-- Generated by org.testng.reporters.JUnitXMLReporter -->
<testsuite ignored="0" hostname="KAAL" failures="0" tests="6" name="ChromeTest" time="0.061" errors="0" timestamp="2024-11-07T16:20:45 IST">
  <testcase classname="com.Ecommerce.InstaSnap.ProductTest.VerifyElectronicProduct" name="createProduct" time="0.006"/>
  <testcase classname="com.Ecommerce.InstaSnap.ProductTest.VerifyElectronicProduct" name="updateProduct" time="0.002"/>
  <testcase classname="com.Ecommerce.InstaSnap.ProductTest.VerifyElectronicProduct" name="updateProduct" time="0.001"/>
  <testcase classname="com.Ecommerce.InstaSnap.ProductTest.VerifyKidsProduct" name="createProduct" time="0.001"/>
  <testcase classname="com.Ecommerce.InstaSnap.ProductTest.VerifyKidsProduct" name="updateProduct" time="0.001"/>
  <testcase classname="com.Ecommerce.InstaSnap.ProductTest.VerifyKidsProduct" name="updateProduct" time="0.001"/>
</testsuite> <!-- ChromeTest -->
